
Running on host n05p016
Time is Sat May 31 13:59:34 MSK 2025 


 The total memory at the node (in GB)
              total        used        free      shared  buff/cache   available
Mem:           1991         145        1301           1         544        1841
Swap:             3           0           3
Total:         1995         145        1305


Job user is milias and his job DIR3 has assigned ID 12545629
This job was submitted from the computer space06.hydra.local
and from the home directory:
/lustre/home/user/m/milias/work/projects/open-collection/theoretical_chemistry/software/dirac/buildup_on_servers/jinr_ru/hydra_jinr_ru/trunk_study_intelmpi_mkl_i8

It is running on the cluster compute node:
gvr
and is employing 1 node/nodes:
n05p016

Job partition is slo-ice 

The job requests 4 CPU per task.
The node's CPU model name	: Intel(R) Xeon(R) Platinum 8368Q CPU @ 2.60GHz
This node has total NPROCS=152 CPUs available for an EXCLUSIVE job.
Based on reserved memory, this node got SLURM_CPUS_ON_NODE=4 CPUs allocated for SLURM calculations.
This job wants SLURM_NTASKS=4 threads . 

 Allocated working nodes:
n05p016
n05p016
n05p016
n05p016


 loaded modules:
Currently Loaded Modulefiles:
  1) GVR/v1.0-1       3) Python/v3.10.2   5) intel/v2021.1
  2) BASE/1.0         4) CMake/v3.29.2

 python ? :/cvmfs/hybrilit.jinr.ru/sw/slc7_x86-64/intel/v2021.1/intelpython/latest/bin/python
Python 3.7.9 :: Intel Corporation
  cmake ? :/cvmfs/hybrilit.jinr.ru/sw/slc7_x86-64/CMake/v3.29.2/bin/cmake
cmake version 3.29.2

CMake suite maintained and supported by Kitware (kitware.com/cmake).
  mpiifort ? :/cvmfs/hybrilit.jinr.ru/sw/slc7_x86-64/intel/v2021.1/mpi/2021.1.1/bin/mpiifort
Intel(R) Fortran Intel(R) 64 Compiler Classic for applications running on Intel(R) 64, Version 2021.1 Build 20201112_000000
Copyright (C) 1985-2020 Intel Corporation.  All rights reserved.

  mpiicc ? :/cvmfs/hybrilit.jinr.ru/sw/slc7_x86-64/intel/v2021.1/mpi/2021.1.1/bin/mpiicc
Intel(R) C Intel(R) 64 Compiler Classic for applications running on Intel(R) 64, Version 2021.1 Build 20201112_000000
Copyright (C) 1985-2020 Intel Corporation.  All rights reserved.

  mpiicc ? :/cvmfs/hybrilit.jinr.ru/sw/slc7_x86-64/intel/v2021.1/mpi/2021.1.1/bin/mpiicpc
Intel(R) C++ Intel(R) 64 Compiler Classic for applications running on Intel(R) 64, Version 2021.1 Build 20201112_000000
Copyright (C) 1985-2020 Intel Corporation.  All rights reserved.


 Intel MKL library ? MKLROOT=/cvmfs/hybrilit.jinr.ru/sw/slc7_x86-64/intel/v2021.1/mkl/latest
total 3096762
lrwxrwxrwx 1 cvmfs cvmfs        32 Sep  8  2021 libmkl_blacs_intelmpi_ilp64.so -> libmkl_blacs_intelmpi_ilp64.so.1
lrwxrwxrwx 1 cvmfs cvmfs        31 Sep  8  2021 libmkl_blacs_intelmpi_lp64.so -> libmkl_blacs_intelmpi_lp64.so.1
lrwxrwxrwx 1 cvmfs cvmfs        31 Sep  8  2021 libmkl_blacs_openmpi_ilp64.so -> libmkl_blacs_openmpi_ilp64.so.1
lrwxrwxrwx 1 cvmfs cvmfs        30 Sep  8  2021 libmkl_blacs_openmpi_lp64.so -> libmkl_blacs_openmpi_lp64.so.1
lrwxrwxrwx 1 cvmfs cvmfs        30 Sep  8  2021 libmkl_blacs_sgimpt_ilp64.so -> libmkl_blacs_sgimpt_ilp64.so.1
lrwxrwxrwx 1 cvmfs cvmfs        22 Sep  8  2021 libmkl_tbb_thread.so -> libmkl_tbb_thread.so.1
lrwxrwxrwx 1 cvmfs cvmfs        16 Sep  8  2021 libmkl_sycl.so -> libmkl_sycl.so.1
lrwxrwxrwx 1 cvmfs cvmfs        26 Sep  8  2021 libmkl_scalapack_lp64.so -> libmkl_scalapack_lp64.so.1
lrwxrwxrwx 1 cvmfs cvmfs        22 Sep  8  2021 libmkl_sequential.so -> libmkl_sequential.so.1
lrwxrwxrwx 1 cvmfs cvmfs        22 Sep  8  2021 libmkl_pgi_thread.so -> libmkl_pgi_thread.so.1
lrwxrwxrwx 1 cvmfs cvmfs        14 Sep  8  2021 libmkl_rt.so -> libmkl_rt.so.1
lrwxrwxrwx 1 cvmfs cvmfs        27 Sep  8  2021 libmkl_scalapack_ilp64.so -> libmkl_scalapack_ilp64.so.1
lrwxrwxrwx 1 cvmfs cvmfs        24 Sep  8  2021 libmkl_intel_thread.so -> libmkl_intel_thread.so.1
lrwxrwxrwx 1 cvmfs cvmfs        22 Sep  8  2021 libmkl_intel_lp64.so -> libmkl_intel_lp64.so.1
lrwxrwxrwx 1 cvmfs cvmfs        22 Sep  8  2021 libmkl_gnu_thread.so -> libmkl_gnu_thread.so.1
lrwxrwxrwx 1 cvmfs cvmfs        23 Sep  8  2021 libmkl_intel_ilp64.so -> libmkl_intel_ilp64.so.1
lrwxrwxrwx 1 cvmfs cvmfs        20 Sep  8  2021 libmkl_gf_ilp64.so -> libmkl_gf_ilp64.so.1
lrwxrwxrwx 1 cvmfs cvmfs        19 Sep  8  2021 libmkl_gf_lp64.so -> libmkl_gf_lp64.so.1
lrwxrwxrwx 1 cvmfs cvmfs        16 Sep  8  2021 libmkl_core.so -> libmkl_core.so.1
lrwxrwxrwx 1 cvmfs cvmfs        29 Sep  8  2021 libmkl_blacs_sgimpt_lp64.so -> libmkl_blacs_sgimpt_lp64.so.1
lrwxrwxrwx 1 cvmfs cvmfs        21 Sep  8  2021 libmkl_cdft_core.so -> libmkl_cdft_core.so.1
drwxr-xr-x 3 cvmfs cvmfs      4096 Mar 15  2021 locale
-rwxr-xr-x 1 cvmfs cvmfs 646061312 Nov  4  2020 libmkl_sycl.so.1
-rw-r--r-- 1 cvmfs cvmfs 127268486 Nov  4  2020 libmkl_tbb_thread.a
-rwxr-xr-x 1 cvmfs cvmfs  41757912 Nov  4  2020 libmkl_tbb_thread.so.1
-rwxr-xr-x 1 cvmfs cvmfs  14727344 Nov  4  2020 libmkl_vml_avx2.so.1
-rwxr-xr-x 1 cvmfs cvmfs  15687232 Nov  4  2020 libmkl_vml_avx512_mic.so.1
-rwxr-xr-x 1 cvmfs cvmfs  14077736 Nov  4  2020 libmkl_vml_avx512.so.1
-rwxr-xr-x 1 cvmfs cvmfs  15564488 Nov  4  2020 libmkl_vml_avx.so.1
-rwxr-xr-x 1 cvmfs cvmfs   7666232 Nov  4  2020 libmkl_vml_cmpt.so.1
-rwxr-xr-x 1 cvmfs cvmfs   8640120 Nov  4  2020 libmkl_vml_def.so.1
-rwxr-xr-x 1 cvmfs cvmfs  14386952 Nov  4  2020 libmkl_vml_mc2.so.1
-rwxr-xr-x 1 cvmfs cvmfs  14399408 Nov  4  2020 libmkl_vml_mc3.so.1
-rwxr-xr-x 1 cvmfs cvmfs  14546664 Nov  4  2020 libmkl_vml_mc.so.1
-rwxr-xr-x 1 cvmfs cvmfs  41725248 Nov  4  2020 libmkl_pgi_thread.so.1
-rwxr-xr-x 1 cvmfs cvmfs   7086160 Nov  4  2020 libmkl_rt.so.1
-rw-r--r-- 1 cvmfs cvmfs  12245128 Nov  4  2020 libmkl_scalapack_ilp64.a
-rwxr-xr-x 1 cvmfs cvmfs   7719376 Nov  4  2020 libmkl_scalapack_ilp64.so.1
-rw-r--r-- 1 cvmfs cvmfs  12334652 Nov  4  2020 libmkl_scalapack_lp64.a
-rwxr-xr-x 1 cvmfs cvmfs   7733128 Nov  4  2020 libmkl_scalapack_lp64.so.1
-rw-r--r-- 1 cvmfs cvmfs  38290026 Nov  4  2020 libmkl_sequential.a
-rwxr-xr-x 1 cvmfs cvmfs  28929832 Nov  4  2020 libmkl_sequential.so.1
-rw-r--r-- 1 cvmfs cvmfs 366140200 Nov  4  2020 libmkl_sycl.a
-rwxr-xr-x 1 cvmfs cvmfs 135184688 Nov  4  2020 libmkl_core.so.1
-rwxr-xr-x 1 cvmfs cvmfs  41812528 Nov  4  2020 libmkl_def.so.1
-rw-r--r-- 1 cvmfs cvmfs  27972100 Nov  4  2020 libmkl_gf_ilp64.a
-rwxr-xr-x 1 cvmfs cvmfs  12333384 Nov  4  2020 libmkl_gf_ilp64.so.1
-rw-r--r-- 1 cvmfs cvmfs  28994834 Nov  4  2020 libmkl_gf_lp64.a
-rwxr-xr-x 1 cvmfs cvmfs  12967160 Nov  4  2020 libmkl_gf_lp64.so.1
-rw-r--r-- 1 cvmfs cvmfs  43472598 Nov  4  2020 libmkl_gnu_thread.a
-rwxr-xr-x 1 cvmfs cvmfs  30635840 Nov  4  2020 libmkl_gnu_thread.so.1
-rw-r--r-- 1 cvmfs cvmfs  28411408 Nov  4  2020 libmkl_intel_ilp64.a
-rwxr-xr-x 1 cvmfs cvmfs  12567344 Nov  4  2020 libmkl_intel_ilp64.so.1
-rw-r--r-- 1 cvmfs cvmfs  29463616 Nov  4  2020 libmkl_intel_lp64.a
-rwxr-xr-x 1 cvmfs cvmfs  13225688 Nov  4  2020 libmkl_intel_lp64.so.1
-rw-r--r-- 1 cvmfs cvmfs  89695770 Nov  4  2020 libmkl_intel_thread.a
-rwxr-xr-x 1 cvmfs cvmfs  64395408 Nov  4  2020 libmkl_intel_thread.so.1
-rw-r--r-- 1 cvmfs cvmfs   7411016 Nov  4  2020 libmkl_lapack95_ilp64.a
-rw-r--r-- 1 cvmfs cvmfs   7337312 Nov  4  2020 libmkl_lapack95_lp64.a
-rwxr-xr-x 1 cvmfs cvmfs  49758432 Nov  4  2020 libmkl_mc3.so.1
-rwxr-xr-x 1 cvmfs cvmfs  48151048 Nov  4  2020 libmkl_mc.so.1
-rw-r--r-- 1 cvmfs cvmfs  56614006 Nov  4  2020 libmkl_pgi_thread.a
-rw-r--r-- 1 cvmfs cvmfs 731966886 Nov  4  2020 libmkl_core.a
-rwxr-xr-x 1 cvmfs cvmfs  48912120 Nov  4  2020 libmkl_avx2.so.1
-rwxr-xr-x 1 cvmfs cvmfs  66738000 Nov  4  2020 libmkl_avx512_mic.so.1
-rwxr-xr-x 1 cvmfs cvmfs  63426240 Nov  4  2020 libmkl_avx512.so.1
-rwxr-xr-x 1 cvmfs cvmfs  52258128 Nov  4  2020 libmkl_avx.so.1
-rw-r--r-- 1 cvmfs cvmfs   1273566 Nov  4  2020 libmkl_blacs_intelmpi_ilp64.a
-rwxr-xr-x 1 cvmfs cvmfs    524376 Nov  4  2020 libmkl_blacs_intelmpi_ilp64.so.1
-rw-r--r-- 1 cvmfs cvmfs    754342 Nov  4  2020 libmkl_blacs_intelmpi_lp64.a
-rwxr-xr-x 1 cvmfs cvmfs    317128 Nov  4  2020 libmkl_blacs_intelmpi_lp64.so.1
-rw-r--r-- 1 cvmfs cvmfs   1292782 Nov  4  2020 libmkl_blacs_openmpi_ilp64.a
-rwxr-xr-x 1 cvmfs cvmfs    525408 Nov  4  2020 libmkl_blacs_openmpi_ilp64.so.1
-rw-r--r-- 1 cvmfs cvmfs    773558 Nov  4  2020 libmkl_blacs_openmpi_lp64.a
-rwxr-xr-x 1 cvmfs cvmfs    322224 Nov  4  2020 libmkl_blacs_openmpi_lp64.so.1
-rw-r--r-- 1 cvmfs cvmfs   1273006 Nov  4  2020 libmkl_blacs_sgimpt_ilp64.a
-rwxr-xr-x 1 cvmfs cvmfs    524632 Nov  4  2020 libmkl_blacs_sgimpt_ilp64.so.1
-rw-r--r-- 1 cvmfs cvmfs    753782 Nov  4  2020 libmkl_blacs_sgimpt_lp64.a
-rwxr-xr-x 1 cvmfs cvmfs    317352 Nov  4  2020 libmkl_blacs_sgimpt_lp64.so.1
-rw-r--r-- 1 cvmfs cvmfs    660996 Nov  4  2020 libmkl_blas95_ilp64.a
-rw-r--r-- 1 cvmfs cvmfs    656716 Nov  4  2020 libmkl_blas95_lp64.a
-rw-r--r-- 1 cvmfs cvmfs    217682 Nov  4  2020 libmkl_cdft_core.a
-rwxr-xr-x 1 cvmfs cvmfs    169584 Nov  4  2020 libmkl_cdft_core.so.1

 The variable PATH=/cvmfs/hybrilit.jinr.ru/sw/slc7_x86-64/intel/v2021.1/dev-utilities/2021.1.1/bin:/cvmfs/hybrilit.jinr.ru/sw/slc7_x86-64/intel/v2021.1/intelpython/latest/bin:/cvmfs/hybrilit.jinr.ru/sw/slc7_x86-64/intel/v2021.1/intelpython/latest/condabin:/cvmfs/hybrilit.jinr.ru/sw/slc7_x86-64/intel/v2021.1/clck/2021.1.1/bin/intel64:/cvmfs/hybrilit.jinr.ru/sw/slc7_x86-64/intel/v2021.1/mkl/latest/bin/intel64:/cvmfs/hybrilit.jinr.ru/sw/slc7_x86-64/intel/v2021.1/debugger/10.0.0/gdb/intel64/bin:/cvmfs/hybrilit.jinr.ru/sw/slc7_x86-64/intel/v2021.1/vpl/2021.1.1/bin:/cvmfs/hybrilit.jinr.ru/sw/slc7_x86-64/intel/v2021.1/compiler/2021.1.1/linux/bin/intel64:/cvmfs/hybrilit.jinr.ru/sw/slc7_x86-64/intel/v2021.1/compiler/2021.1.1/linux/bin:/cvmfs/hybrilit.jinr.ru/sw/slc7_x86-64/intel/v2021.1/compiler/2021.1.1/linux/ioc/bin:/cvmfs/hybrilit.jinr.ru/sw/slc7_x86-64/intel/v2021.1/advisor/2021.1.1/bin64:/cvmfs/hybrilit.jinr.ru/sw/slc7_x86-64/intel/v2021.1/inspector/2021.1.1/bin64:/cvmfs/hybrilit.jinr.ru/sw/slc7_x86-64/intel/v2021.1/mpi/2021.1.1/libfabric/bin:/cvmfs/hybrilit.jinr.ru/sw/slc7_x86-64/intel/v2021.1/mpi/2021.1.1/bin:/cvmfs/hybrilit.jinr.ru/sw/slc7_x86-64/intel/v2021.1/itac/2021.1.1/bin:/cvmfs/hybrilit.jinr.ru/sw/slc7_x86-64/intel/v2021.1/vtune/2021.1.1/bin64:/cvmfs/hybrilit.jinr.ru/sw/slc7_x86-64/intel/v2021.1/dpcpp-ct/2021.1.1/bin:/cvmfs/hybrilit.jinr.ru/sw/slc7_x86-64/CMake/v3.29.2/bin:/cvmfs/hybrilit.jinr.ru/sw/slc7_x86-64/Python/v3.10.2/bin:/lustre/home/user/m/milias/work/software/wien2k/wien2k_23.2_intelserial_mkl:/lustre/home/user/m/milias/work/software/wien2k/wien2k_23.2_intelserial_mkl/SRC_structeditor/bin:/lustre/home/user/m/milias/work/software/wien2k/wien2k_23.2_intelserial_mkl/SRC_IRelast/script-elastic:/lustre/home/user/m/milias/work/software/ams/linux.openmpi/ams2021.107/bin:/usr/local/bin:/usr/bin:/usr/local/sbin:/usr/sbin:/opt/puppetlabs/bin:.:/lustre/home/user/m/milias/work/software/wien2k/wien2k_23.2_intelserial_mkl:.:/lustre/home/user/m/milias/.local/bin:/lustre/home/user/m/milias/bin

/lustre/home/user/m/milias/work/software/dirac/trunk_study

 DIRAC build directory, DIRAC/BUILD=/lustre/home/user/m/milias/work/software/dirac/trunk_study/build_intelmpi_mkl_i8
Directory BUILD exists. Leaving it intact !

 I am in DIRAC/BUILD : /lustre/home/user/m/milias/work/software/dirac/trunk_study/build_intelmpi_mkl_i8


 Checking existing executable,  ldd dirac.x:
	linux-vdso.so.1 =>  (0x00007ffe89dbd000)
	libmkl_intel_ilp64.so.1 => /cvmfs/hybrilit.jinr.ru/sw/slc7_x86-64/intel/v2021.1/mkl/latest/lib/intel64/libmkl_intel_ilp64.so.1 (0x00002b860b36e000)
	libmkl_intel_thread.so.1 => /cvmfs/hybrilit.jinr.ru/sw/slc7_x86-64/intel/v2021.1/mkl/latest/lib/intel64/libmkl_intel_thread.so.1 (0x00002b860c009000)
	libmkl_core.so.1 => /cvmfs/hybrilit.jinr.ru/sw/slc7_x86-64/intel/v2021.1/mkl/latest/lib/intel64/libmkl_core.so.1 (0x00002b860f902000)
	libpthread.so.0 => /lib64/libpthread.so.0 (0x00002b86178c8000)
	libm.so.6 => /lib64/libm.so.6 (0x00002b8617ae4000)
	libhdf5.so.8 => /lib64/libhdf5.so.8 (0x00002b8617de6000)
	libirng.so => /cvmfs/hybrilit.jinr.ru/sw/slc7_x86-64/intel/v2021.1/compiler/2021.1.1/linux/compiler/lib/intel64_lin/libirng.so (0x00002b861828c000)
	libstdc++.so.6 => /lib64/libstdc++.so.6 (0x00002b86185f6000)
	libmpi_ilp64.so => /cvmfs/hybrilit.jinr.ru/sw/slc7_x86-64/intel/v2021.1/mpi/2021.1.1//lib/release/libmpi_ilp64.so (0x00002b86188fe000)
	libmpifort.so.12 => /cvmfs/hybrilit.jinr.ru/sw/slc7_x86-64/intel/v2021.1/mpi/2021.1.1//lib/libmpifort.so.12 (0x00002b8618b44000)
	libmpi.so.12 => /cvmfs/hybrilit.jinr.ru/sw/slc7_x86-64/intel/v2021.1/mpi/2021.1.1//lib/release/libmpi.so.12 (0x00002b8618f02000)
	libdl.so.2 => /lib64/libdl.so.2 (0x00002b861a27b000)
	librt.so.1 => /lib64/librt.so.1 (0x00002b861a47f000)
	libiomp5.so => /cvmfs/hybrilit.jinr.ru/sw/slc7_x86-64/intel/v2021.1/compiler/2021.1.1/linux/compiler/lib/intel64_lin/libiomp5.so (0x00002b861a687000)
	libc.so.6 => /lib64/libc.so.6 (0x00002b861aa8e000)
	libgcc_s.so.1 => /lib64/libgcc_s.so.1 (0x00002b861ae5c000)
	/lib64/ld-linux-x86-64.so.2 (0x00002b860b14a000)
	libsz.so.2 => /lib64/libsz.so.2 (0x00002b861b072000)
	libz.so.1 => /lib64/libz.so.1 (0x00002b861b275000)
	libintlc.so.5 => /cvmfs/hybrilit.jinr.ru/sw/slc7_x86-64/intel/v2021.1/compiler/2021.1.1/linux/compiler/lib/intel64_lin/libintlc.so.5 (0x00002b861b48b000)
	libfabric.so.1 => /cvmfs/hybrilit.jinr.ru/sw/slc7_x86-64/intel/v2021.1/mpi/2021.1.1//libfabric/lib/libfabric.so.1 (0x00002b861b703000)
	libaec.so.0 => /lib64/libaec.so.0 (0x00002b861b949000)


  DIRAC_MPI_COMMAND= 

  Running ctest -L short -j 2 :  
Test project /lustre/home/user/m/milias/work/software/dirac/trunk_study/build_intelmpi_mkl_i8
      Start   1: checkpoint_from_Dformat
      Start   4: stex
 1/78 Test   #1: checkpoint_from_Dformat ..........   Passed   11.82 sec
      Start   8: london_properties_symmetry
 2/78 Test   #4: stex .............................   Passed  107.12 sec
      Start  22: eomcc
 3/78 Test  #22: eomcc ............................   Passed  149.95 sec
      Start  23: eomcc_long
 4/78 Test   #8: london_properties_symmetry .......   Passed  275.94 sec
      Start  44: fde_response_autodiff
 5/78 Test  #23: eomcc_long .......................   Passed  326.86 sec
      Start  45: fde_export_density
 6/78 Test  #44: fde_response_autodiff ............   Passed  469.60 sec
      Start  71: acmoin
 7/78 Test  #45: fde_export_density ...............   Passed  289.24 sec
      Start  72: atomic_start
 8/78 Test  #72: atomic_start .....................   Passed   80.53 sec
      Start  73: basis_automatic_augmentation
 9/78 Test  #71: acmoin ...........................   Passed  256.68 sec
      Start  74: basis_contraction
10/78 Test  #74: basis_contraction ................   Passed   43.77 sec
      Start  75: basis_input
11/78 Test  #73: basis_automatic_augmentation .....   Passed  168.64 sec
      Start  76: basis_input_scripted
12/78 Test  #76: basis_input_scripted .............   Passed    0.09 sec
      Start  77: bsse
13/78 Test  #75: basis_input ......................   Passed  130.44 sec
      Start  78: bss_energy
14/78 Test  #77: bsse .............................   Passed  107.55 sec
      Start  79: pam_test
15/78 Test  #79: pam_test .........................   Passed   22.06 sec
      Start  81: cc_linear
16/78 Test  #78: bss_energy .......................   Passed   80.11 sec
      Start  85: cosci_energy_spinfree
17/78 Test  #81: cc_linear ........................   Passed   78.89 sec
      Start  86: cosci_methods
18/78 Test  #85: cosci_energy_spinfree ............   Passed   90.41 sec
      Start  87: cosci_tmom
19/78 Test  #87: cosci_tmom .......................   Passed   39.13 sec
      Start  88: density_at_nuclei
20/78 Test  #88: density_at_nuclei ................   Passed   24.41 sec
      Start  89: dft_betasigma
21/78 Test  #86: cosci_methods ....................   Passed  152.87 sec
      Start  90: dft_cam
22/78 Test  #89: dft_betasigma ....................   Passed   69.55 sec
      Start  91: dft_erf_xcfun
23/78 Test  #90: dft_cam ..........................   Passed   96.72 sec
      Start  92: dft_lao_mag_prop
24/78 Test  #91: dft_erf_xcfun ....................   Passed  101.09 sec
      Start  93: dft_pp86
25/78 Test  #93: dft_pp86 .........................   Passed  225.05 sec
      Start  94: dirac_mointegral_export
26/78 Test  #92: dft_lao_mag_prop .................   Passed  258.03 sec
      Start  95: ecp
27/78 Test  #94: dirac_mointegral_export ..........   Passed   40.28 sec
      Start  96: ecp_nio6
28/78 Test  #96: ecp_nio6 .........................   Passed   22.98 sec
      Start  97: free-particle_projection
29/78 Test  #97: free-particle_projection .........   Passed   27.60 sec
      Start  98: gaunt
30/78 Test  #95: ecp ..............................   Passed   80.69 sec
      Start  99: krci_properties_perm_dipmom
31/78 Test  #98: gaunt ............................   Passed   33.03 sec
      Start 100: linear_structures
32/78 Test  #99: krci_properties_perm_dipmom ......   Passed   43.90 sec
      Start 101: mcscf_properties
33/78 Test #101: mcscf_properties .................   Passed  102.47 sec
      Start 102: mp2_energy
34/78 Test #102: mp2_energy .......................   Passed   22.40 sec
      Start 103: mp2_srdft_energies
35/78 Test #100: linear_structures ................   Passed  176.28 sec
      Start 104: mp2_natural_orbitals
36/78 Test #103: mp2_srdft_energies ...............   Passed   67.14 sec
      Start 105: open-shells
37/78 Test #104: mp2_natural_orbitals .............   Passed   78.57 sec
      Start 107: pvc_scf
38/78 Test #107: pvc_scf ..........................   Passed   49.41 sec
      Start 108: response_C6
39/78 Test #108: response_C6 ......................   Passed   31.57 sec
      Start 109: response_hf_polarizability
40/78 Test #109: response_hf_polarizability .......   Passed   97.84 sec
      Start 110: response_lao_shield
41/78 Test #110: response_lao_shield ..............   Passed  236.09 sec
      Start 111: response_lao_magnetiz
42/78 Test #105: open-shells ......................   Passed  518.92 sec
      Start 112: response_lao_magnetiz_dft
43/78 Test #112: response_lao_magnetiz_dft ........   Passed   72.23 sec
      Start 113: response_nmr_levy-leblond
44/78 Test #113: response_nmr_levy-leblond ........   Passed   60.11 sec
      Start 114: response_rkbimp_shield
45/78 Test #111: response_lao_magnetiz ............   Passed  256.80 sec
      Start 115: symmetry_recognition
46/78 Test #114: response_rkbimp_shield ...........   Passed   82.58 sec
      Start 116: visual_div_rot
47/78 Test #115: symmetry_recognition .............   Passed   61.13 sec
      Start 118: visual_frac_occupation
48/78 Test #118: visual_frac_occupation ...........   Passed   86.96 sec
      Start 119: lucita_short
49/78 Test #116: visual_div_rot ...................   Passed  131.76 sec
      Start 120: xyz_symmetry_recognition
50/78 Test #119: lucita_short .....................   Passed   19.16 sec
      Start 121: zora
51/78 Test #121: zora .............................   Passed   31.75 sec
      Start 122: dft_ac
52/78 Test #122: dft_ac ...........................   Passed   28.02 sec
      Start 123: dft_grid_export_import
53/78 Test #123: dft_grid_export_import ...........   Passed   17.13 sec
      Start 124: localization
54/78 Test #120: xyz_symmetry_recognition .........   Passed  141.32 sec
      Start 125: krci_properties_omega_tdm
55/78 Test #125: krci_properties_omega_tdm ........   Passed   46.45 sec
      Start 126: visual_elf
56/78 Test #126: visual_elf .......................   Passed   16.29 sec
      Start 127: visual_gamma5
57/78 Test #124: localization .....................   Passed  115.97 sec
      Start 128: visual_general
58/78 Test #127: visual_gamma5 ....................   Passed   25.09 sec
      Start 130: atomic_supersymmetry
59/78 Test #130: atomic_supersymmetry .............   Passed   96.52 sec
      Start 131: scf_levelshift
60/78 Test #131: scf_levelshift ...................   Passed   34.18 sec
      Start 132: response_complex
61/78 Test #132: response_complex .................   Passed   22.98 sec
      Start 133: response_nonrel
62/78 Test #133: response_nonrel ..................   Passed   46.86 sec
      Start 134: cosci_energy
63/78 Test #128: visual_general ...................   Passed  276.80 sec
      Start 135: lucita_q_corrections
64/78 Test #135: lucita_q_corrections .............   Passed   78.41 sec
      Start 136: x2c-SCF_to_4c-SCF
65/78 Test #136: x2c-SCF_to_4c-SCF ................   Passed   76.46 sec
      Start 137: import_mos
66/78 Test #137: import_mos .......................   Passed   67.17 sec
      Start 138: operators_mo_mtx_elements
67/78 Test #138: operators_mo_mtx_elements ........   Passed  107.77 sec
      Start 139: spinorbit-from-spinfree
68/78 Test #139: spinorbit-from-spinfree ..........   Passed   77.72 sec
      Start 142: molecular_mean_field_restart
69/78 Test #142: molecular_mean_field_restart .....   Passed   40.64 sec
      Start 143: bed_isotropic
70/78 Test #143: bed_isotropic ....................   Passed   33.98 sec
      Start 144: bed_anisotropic
71/78 Test #144: bed_anisotropic ..................   Passed   43.27 sec
      Start 145: bedecd_isotropic
72/78 Test #134: cosci_energy .....................   Passed  590.11 sec
      Start 146: bedecd_anisotropic
73/78 Test #145: bedecd_isotropic .................   Passed   97.87 sec
      Start 153: projection_analysis_overlaps
74/78 Test #146: bedecd_anisotropic ...............   Passed  174.40 sec
      Start 159: esr
75/78 Test #159: esr ..............................   Passed   81.24 sec
      Start 163: pe_energy
76/78 Test #153: projection_analysis_overlaps .....   Passed  207.99 sec
      Start 165: pe_exc
77/78 Test #163: pe_energy ........................   Passed  316.26 sec
78/78 Test #165: pe_exc ...........................   Passed  307.31 sec

100% tests passed, 0 tests failed out of 78

Label Time Summary:
4c                   =  76.46 sec*proc (1 test)
basis                = 450.50 sec*proc (5 tests)
bed                  = 349.53 sec*proc (4 tests)
cc                   = 595.98 sec*proc (4 tests)
ci                   = 1032.18 sec*proc (6 tests)
complex              =  22.98 sec*proc (1 test)
cosci                = 590.11 sec*proc (1 test)
dft                  = 867.84 sec*proc (8 tests)
ecd                  = 272.28 sec*proc (2 tests)
ecp                  = 103.67 sec*proc (2 tests)
eomcc                = 476.82 sec*proc (2 tests)
fde                  = 758.84 sec*proc (2 tests)
gascip               =  81.24 sec*proc (1 test)
gaunt                =  33.03 sec*proc (1 test)
grid                 =  17.13 sec*proc (1 test)
import               =  67.17 sec*proc (1 test)
krci                 = 109.52 sec*proc (3 tests)
lao                  = 1099.09 sec*proc (5 tests)
levelshift           =  34.18 sec*proc (1 test)
localization         = 115.97 sec*proc (1 test)
magnetizabilities    = 329.03 sec*proc (2 tests)
mcscf                = 169.64 sec*proc (2 tests)
mp2                  = 208.76 sec*proc (4 tests)
nmr                  =  60.11 sec*proc (1 test)
nonrel               =  46.86 sec*proc (1 test)
operators            = 107.77 sec*proc (1 test)
pam                  =  22.06 sec*proc (1 test)
pelib                = 623.56 sec*proc (2 tests)
polarizabilities     =  97.84 sec*proc (1 test)
projection           = 235.59 sec*proc (2 tests)
property             = 304.49 sec*proc (2 tests)
pvc                  =  49.41 sec*proc (1 test)
qcorr                =  78.41 sec*proc (1 test)
resolve              =  77.72 sec*proc (1 test)
response             = 1256.58 sec*proc (13 tests)
scf                  = 717.72 sec*proc (7 tests)
shield               =  82.58 sec*proc (1 test)
shielding            = 236.09 sec*proc (1 test)
short                = 9256.45 sec*proc (78 tests)
srdft                =  67.14 sec*proc (1 test)
stex                 = 107.12 sec*proc (1 test)
structures           = 176.28 sec*proc (1 test)
visual               = 536.90 sec*proc (5 tests)
x2c                  = 117.10 sec*proc (2 tests)
zora                 =  31.75 sec*proc (1 test)

Total Test time (real) = 4648.50 sec
